<?xml version="1.0" encoding="UTF-8"?>
<!-- Generated by org.testng.reporters.JUnitReportReporter -->
<testsuite hostname="DESKTOP-SDLN166" failures="0" tests="1" name="E2E.complete.LoginTest" time="14.398" errors="0" timestamp="2022-01-16T13:02:41 IST" skipped="0">
  <testcase classname="E2E.complete.LoginTest" name="test" time="14.398"/>
  <system-out/>
</testsuite> <!-- E2E.complete.LoginTest -->
