<?xml version="1.0" encoding="UTF-8"?>
<!-- Generated by org.testng.reporters.JUnitReportReporter -->
<testsuite hostname="DESKTOP-SDLN166" failures="0" tests="1" name="E2E.complete.makmyTripLogin" time="92.389" errors="0" timestamp="2022-01-17T13:17:18 IST" skipped="0">
  <testcase classname="E2E.complete.makmyTripLogin" name="loginTest" time="92.389"/>
  <system-out/>
</testsuite> <!-- E2E.complete.makmyTripLogin -->
