<?xml version="1.0" encoding="UTF-8"?>
<!-- Generated by org.testng.reporters.JUnitReportReporter -->
<testsuite hostname="DESKTOP-SDLN166" failures="0" tests="6" name="com.cart.tests.CartHomeTest" time="126.889" errors="0" timestamp="2024-01-09T13:06:29 IST" skipped="0">
  <testcase classname="com.cart.tests.CartHomeTest" name="ValidateLogo" time="18.025"/>
  <system-out/>
  <testcase classname="com.cart.tests.CartHomeTest" name="ValidateSearchProducts" time="21.427"/>
  <system-out/>
  <testcase classname="com.cart.tests.CartHomeTest" name="getTitle" time="15.427"/>
  <system-out/>
  <testcase classname="com.cart.tests.CartHomeTest" name="clickProceedCheckBtn" time="36.170"/>
  <system-out/>
  <testcase classname="com.cart.tests.CartHomeTest" name="addMultipleProductToCart" time="15.355"/>
  <system-out/>
  <testcase classname="com.cart.tests.CartHomeTest" name="validateCountOfSearchedProducts" time="20.485"/>
  <system-out/>
</testsuite> <!-- com.cart.tests.CartHomeTest -->
