<?xml version="1.0" encoding="UTF-8"?>
<!-- Generated by org.testng.reporters.JUnitReportReporter -->
<testsuite hostname="DESKTOP-SDLN166" failures="0" tests="1" name="com.crm.tests.SignupTest" time="32.680" errors="0" timestamp="2024-01-02T20:16:52 IST" skipped="0">
  <testcase classname="com.crm.tests.SignupTest" name="clickLoginLink" time="32.680"/>
  <system-out/>
</testsuite> <!-- com.crm.tests.SignupTest -->
