<?xml version="1.0" encoding="UTF-8"?>
<!-- Generated by org.testng.reporters.JUnitReportReporter -->
<testsuite hostname="DESKTOP-SDLN166" failures="0" tests="2" name="com.crm.tests.LoginTest" time="80.985" errors="0" timestamp="2024-01-02T20:16:52 IST" skipped="0">
  <testcase classname="com.crm.tests.LoginTest" name="validateTitleOfTheFlipkart" time="43.362"/>
  <system-out/>
  <testcase classname="com.crm.tests.LoginTest" name="loginFlipkart" time="37.623"/>
  <system-out/>
</testsuite> <!-- com.crm.tests.LoginTest -->
