<?xml version="1.0" encoding="UTF-8"?>
<!-- Generated by org.testng.reporters.JUnitReportReporter -->
<testsuite hostname="DESKTOP-SDLN166" failures="0" tests="1" name="com.cart.tests.CartHome" time="16.742" errors="0" timestamp="2024-01-03T20:29:54 IST" skipped="0">
  <testcase classname="com.cart.tests.CartHome" name="addMultipleProductToCart" time="16.742"/>
  <system-out/>
</testsuite> <!-- com.cart.tests.CartHome -->
