<?xml version="1.0" encoding="UTF-8"?>
<!-- Generated by org.testng.reporters.JUnitReportReporter -->
<testsuite hostname="DESKTOP-SDLN166" failures="0" tests="1" name="PojoPackage.SampleApi" time="4.891" errors="0" timestamp="2022-04-24T18:01:11 IST" skipped="0">
  <testcase classname="PojoPackage.SampleApi" name="getTourist" time="4.891"/>
  <system-out/>
</testsuite> <!-- PojoPackage.SampleApi -->
