<?xml version="1.0" encoding="UTF-8"?>
<!-- Generated by org.testng.reporters.JUnitReportReporter -->
<testsuite hostname="DESKTOP-SDLN166" failures="0" tests="1" name="PojoPackage.OAuth" time="8.352" errors="0" timestamp="2022-04-24T15:30:55 IST" skipped="0">
  <testcase classname="PojoPackage.OAuth" name="oAuth" time="8.352"/>
  <system-out/>
</testsuite> <!-- PojoPackage.OAuth -->
