<?xml version="1.0" encoding="UTF-8"?>
<!-- Generated by org.testng.reporters.JUnitReportReporter -->
<testsuite hostname="DESKTOP-SDLN166" failures="0" tests="1" name="pojoClass_Serializaton.AddPlaceTest" time="13.456" errors="0" timestamp="2022-04-25T12:32:55 IST" skipped="0">
  <testcase classname="pojoClass_Serializaton.AddPlaceTest" name="addPayload" time="13.456"/>
  <system-out/>
</testsuite> <!-- pojoClass_Serializaton.AddPlaceTest -->
