<?xml version="1.0" encoding="UTF-8"?>
<!-- Generated by org.testng.reporters.JUnitReportReporter -->
<testsuite hostname="DESKTOP-SDLN166" failures="0" tests="6" name="PojoPackage.LibraryAPITests" time="21.967" errors="0" timestamp="2022-04-24T12:30:21 IST" skipped="0">
  <testcase classname="PojoPackage.LibraryAPITests" name="addBook" time="17.441"/>
  <system-out/>
  <testcase classname="PojoPackage.LibraryAPITests" name="DataDrivenAddBook" time="0.294"/>
  <system-out/>
  <testcase classname="PojoPackage.LibraryAPITests" name="DataDrivenAddBook" time="0.288"/>
  <system-out/>
  <testcase classname="PojoPackage.LibraryAPITests" name="getBookByAuthor" time="3.192"/>
  <system-out/>
  <testcase classname="PojoPackage.LibraryAPITests" name="getBookById" time="0.270"/>
  <system-out/>
  <testcase classname="PojoPackage.LibraryAPITests" name="deleteBook" time="0.482"/>
  <system-out/>
</testsuite> <!-- PojoPackage.LibraryAPITests -->
