<?xml version="1.0" encoding="UTF-8"?>
<!-- Generated by org.testng.reporters.JUnitReportReporter -->
<testsuite hostname="DESKTOP-SDLN166" failures="0" tests="1" name="com.trelloapi.ApiTest" time="14.039" errors="0" timestamp="2022-04-27T22:54:22 IST" skipped="0">
  <testcase classname="com.trelloapi.ApiTest" name="createBoard" time="14.039"/>
  <system-out/>
</testsuite> <!-- com.trelloapi.ApiTest -->
