<?xml version="1.0" encoding="UTF-8"?>
<!-- Generated by org.testng.reporters.JUnitReportReporter -->
<testsuite hostname="DESKTOP-SDLN166" failures="0" tests="1" name="com.api.qa.test.ApiTest" time="7.133" errors="0" timestamp="2022-04-24T10:58:34 IST" skipped="0">
  <testcase classname="com.api.qa.test.ApiTest" name="addPlace" time="7.133"/>
  <system-out/>
</testsuite> <!-- com.api.qa.test.ApiTest -->
