<?xml version="1.0" encoding="UTF-8"?>
<!-- Generated by org.testng.reporters.JUnitReportReporter -->
<testsuite skipped="0" hostname="DESKTOP-SDLN166" name="E2Egroup.E2EFramework.testcase" tests="1" failures="0" timestamp="2021-12-06T13:48:57 IST" time="24.326" errors="0">
  <testcase name="test1" time="24.326" classname="E2Egroup.E2EFramework.testcase"/>
  <system-out/>
</testsuite> <!-- E2Egroup.E2EFramework.testcase -->
