<?xml version="1.0" encoding="UTF-8"?>
<!-- Generated by org.testng.reporters.JUnitReportReporter -->
<testsuite hostname="DESKTOP-SDLN166" failures="0" tests="1" name="data.excellDriven.getExcellDataTest" time="3.176" errors="0" timestamp="2021-12-23T18:02:41 IST" skipped="0">
  <testcase classname="data.excellDriven.getExcellDataTest" name="getExcellData" time="3.176"/>
  <system-out/>
</testsuite> <!-- data.excellDriven.getExcellDataTest -->
