<?xml version="1.0" encoding="UTF-8"?>
<!-- Generated by org.testng.reporters.JUnitReportReporter -->
<testsuite hostname="DESKTOP-SDLN166" failures="0" tests="1" name="data.excellDriven.dataDriven1" time="44.016" errors="0" timestamp="2021-12-23T20:17:02 IST" skipped="0">
  <testcase classname="data.excellDriven.dataDriven1" name="getdata" time="44.016"/>
  <system-out/>
</testsuite> <!-- data.excellDriven.dataDriven1 -->
