<?xml version="1.0" encoding="UTF-8"?>
<!-- Generated by org.testng.reporters.JUnitReportReporter -->
<testsuite hostname="DESKTOP-SDLN166" failures="0" tests="2" name="testNgRevised.Test2" time="0.034" errors="0" timestamp="2021-11-21T18:44:56 IST" skipped="0">
  <testcase classname="testNgRevised.Test2" name="homeLoan" time="0.025"/>
  <system-out/>
  <testcase classname="testNgRevised.Test2" name="carLoan" time="0.009"/>
  <system-out/>
</testsuite> <!-- testNgRevised.Test2 -->
