<?xml version="1.0" encoding="UTF-8"?>
<!-- Generated by org.testng.reporters.JUnitReportReporter -->
<testsuite hostname="DESKTOP-SDLN166" failures="0" tests="2" name="testNgRevised.Test1" time="0.030" errors="0" timestamp="2021-11-21T18:44:56 IST" skipped="0">
  <testcase classname="testNgRevised.Test1" name="loan" time="0.023"/>
  <system-out/>
  <testcase classname="testNgRevised.Test1" name="parameter" time="0.007"/>
  <system-out/>
</testsuite> <!-- testNgRevised.Test1 -->
