<?xml version="1.0" encoding="UTF-8"?>
<!-- Generated by org.testng.reporters.JUnitReportReporter -->
<testsuite hostname="DESKTOP-SDLN166" failures="0" tests="3" name="testNgRevised.Test3" time="0.029" errors="0" timestamp="2021-11-21T17:49:18 IST" skipped="0">
  <testcase classname="testNgRevised.Test3" name="test" time="0.021"/>
  <system-out/>
  <testcase classname="testNgRevised.Test3" name="test" time="0.004"/>
  <system-out/>
  <testcase classname="testNgRevised.Test3" name="test" time="0.004"/>
  <system-out/>
</testsuite> <!-- testNgRevised.Test3 -->
