<?xml version="1.0" encoding="UTF-8"?>
<!-- Generated by org.testng.reporters.JUnitReportReporter -->
<testsuite hostname="DESKTOP-SDLN166" failures="0" tests="1" name="com.cartproject.qa.tests.ChooseCountryTest" time="13.451" errors="0" timestamp="2022-04-03T20:23:49 IST" skipped="0">
  <testcase classname="com.cartproject.qa.tests.ChooseCountryTest" name="chooseCountryTest" time="13.451"/>
  <system-out/>
</testsuite> <!-- com.cartproject.qa.tests.ChooseCountryTest -->
