<?xml version="1.0" encoding="UTF-8"?>
<!-- Generated by org.testng.reporters.JUnitReportReporter -->
<testsuite hostname="DESKTOP-SDLN166" failures="0" tests="1" name="com.test.Testing" time="170.681" errors="0" timestamp="2023-12-08T18:58:08 IST" skipped="0">
  <testcase classname="com.test.Testing" name="frame2Scroll" time="170.681"/>
  <system-out/>
</testsuite> <!-- com.test.Testing -->
