<?xml version="1.0" encoding="UTF-8"?>
<!-- Generated by org.testng.reporters.JUnitReportReporter -->
<testsuite skipped="0" hostname="DESKTOP-SDLN166" name="E2Egroup.practice.test" tests="1" failures="0" timestamp="2021-12-03T12:41:54 IST" time="19.732" errors="0">
  <testcase name="test1" time="19.732" classname="E2Egroup.practice.test"/>
  <system-out/>
</testsuite> <!-- E2Egroup.practice.test -->
