<?xml version="1.0" encoding="UTF-8"?>
<!-- Generated by org.testng.reporters.JUnitReportReporter -->
<testsuite hostname="DESKTOP-SDLN166" failures="0" tests="1" name="E2Egroup.E2EFramework.testcase" time="42.837" errors="0" timestamp="2021-12-03T09:43:25 IST" skipped="0">
  <testcase classname="E2Egroup.E2EFramework.testcase" name="test1" time="42.837"/>
  <system-out/>
</testsuite> <!-- E2Egroup.E2EFramework.testcase -->
