<?xml version="1.0" encoding="UTF-8"?>
<!-- Generated by org.testng.reporters.JUnitReportReporter -->
<testsuite name="mavengroupid.mavenjava.selenium" tests="2" time="0.044" ignored="0" failures="0" timestamp="07 Nov 2021 11:02:07 GMT" skipped="0" hostname="DESKTOP-SDLN166" errors="0">
  <testcase name="selenium" time="0.042" classname="mavengroupid.mavenjava.selenium"/>
  <testcase name="selenium2" time="0.002" classname="mavengroupid.mavenjava.selenium"/>
</testsuite> <!-- mavengroupid.mavenjava.selenium -->
