<?xml version="1.0" encoding="UTF-8"?>
<!-- Generated by org.testng.reporters.JUnitReportReporter -->
<testsuite name="mavengroupid.mavenjava.appiumTest" tests="2" time="0.004" ignored="0" failures="0" timestamp="07 Nov 2021 11:02:07 GMT" skipped="0" hostname="DESKTOP-SDLN166" errors="0">
  <testcase name="appium2" time="0.003" classname="mavengroupid.mavenjava.appiumTest"/>
  <testcase name="appium1" time="0.001" classname="mavengroupid.mavenjava.appiumTest"/>
</testsuite> <!-- mavengroupid.mavenjava.appiumTest -->
