<?xml version="1.0" encoding="UTF-8"?>
<!-- Generated by org.testng.reporters.JUnitReportReporter -->
<testsuite hostname="DESKTOP-SDLN166" failures="0" tests="1" name="reports1.extent.homePageTest" time="20.057" errors="0" timestamp="2021-12-22T20:50:16 IST" skipped="0">
  <testcase classname="reports1.extent.homePageTest" name="homeTest" time="20.057"/>
  <system-out/>
</testsuite> <!-- reports1.extent.homePageTest -->
