<?xml version="1.0" encoding="UTF-8"?>
<!-- Generated by org.testng.reporters.JUnitReportReporter -->
<testsuite hostname="DESKTOP-SDLN166" failures="0" tests="1" name="com.academy.qa.tests.PracticePageTest" time="128.884" errors="0" timestamp="2022-04-17T13:22:42 IST" skipped="0">
  <testcase classname="com.academy.qa.tests.PracticePageTest" name="submitFormTest" time="128.884"/>
  <system-out/>
</testsuite> <!-- com.academy.qa.tests.PracticePageTest -->
