<?xml version="1.0" encoding="UTF-8"?>
<!-- Generated by org.testng.reporters.JUnitReportReporter -->
<testsuite hostname="DESKTOP-SDLN166" failures="0" tests="1" name="demoPractice.test" time="38.161" errors="0" timestamp="2021-12-06T13:12:01 IST" skipped="0">
  <testcase classname="demoPractice.test" name="test" time="38.161"/>
  <system-out/>
</testsuite> <!-- demoPractice.test -->
