<?xml version="1.0" encoding="UTF-8"?>
<!-- Generated by org.testng.reporters.JUnitReportReporter -->
<testsuite hostname="DESKTOP-SDLN166" failures="0" tests="2" name="Tests.test5" time="0.020" errors="0" timestamp="2021-11-05T10:30:49 IST" skipped="0">
  <testcase classname="Tests.test5" name="monthEmi" time="0.014"/>
  <system-out/>
  <testcase classname="Tests.test5" name="emi" time="0.006"/>
  <system-out/>
</testsuite> <!-- Tests.test5 -->
