<?xml version="1.0" encoding="UTF-8"?>
<!-- Generated by org.testng.reporters.JUnitReportReporter -->
<testsuite hostname="DESKTOP-SDLN166" failures="0" tests="1" name="Tests.test3" time="0.005" errors="0" timestamp="2021-11-05T10:30:50 IST" skipped="0">
  <testcase classname="Tests.test3" name="presonalLoanIntrest" time="0.005"/>
  <system-out/>
</testsuite> <!-- Tests.test3 -->
