<?xml version="1.0" encoding="UTF-8"?>
<!-- Generated by org.testng.reporters.JUnitReportReporter -->
<testsuite hostname="DESKTOP-SDLN166" failures="0" tests="2" name="Tests.test6" time="0.021" errors="0" timestamp="2021-11-05T10:30:49 IST" skipped="0">
  <testcase classname="Tests.test6" name="service1" time="0.007"/>
  <system-out/>
  <testcase classname="Tests.test6" name="service2" time="0.014"/>
  <system-out/>
</testsuite> <!-- Tests.test6 -->
