<?xml version="1.0" encoding="UTF-8"?>
<!-- Generated by org.testng.reporters.JUnitReportReporter -->
<testsuite hostname="DESKTOP-SDLN166" failures="0" tests="2" name="Tests.test2" time="0.010" errors="0" timestamp="2021-11-05T10:30:49 IST" skipped="0">
  <testcase classname="Tests.test2" name="personalLoanArrear" time="0.005"/>
  <system-out/>
  <testcase classname="Tests.test2" name="personalLoan" time="0.005"/>
  <system-out/>
</testsuite> <!-- Tests.test2 -->
