<?xml version="1.0" encoding="UTF-8"?>
<!-- Generated by org.testng.reporters.JUnitReportReporter -->
<testsuite hostname="DESKTOP-SDLN166" failures="0" tests="2" name="Tests.test1" time="0.057" errors="0" timestamp="2021-12-01T16:42:02 IST" skipped="0">
  <testcase classname="Tests.test1" name="loan" time="0.050"/>
  <system-out/>
  <testcase classname="Tests.test1" name="demo" time="0.007"/>
  <system-out/>
</testsuite> <!-- Tests.test1 -->
