<?xml version="1.0" encoding="UTF-8"?>
<!-- Generated by org.testng.reporters.JUnitReportReporter -->
<testsuite hostname="DESKTOP-SDLN166" failures="0" tests="5" name="Tests.test4" time="0.103" errors="0" timestamp="2021-11-05T10:54:11 IST" skipped="0">
  <testcase classname="Tests.test4" name="testloan1" time="0.020"/>
  <system-out/>
  <testcase classname="Tests.test4" name="testloan2" time="0.008"/>
  <system-out/>
  <testcase classname="Tests.test4" name="testloan2" time="0.027"/>
  <system-out/>
  <testcase classname="Tests.test4" name="testloan3" time="0.036"/>
  <system-out/>
  <testcase classname="Tests.test4" name="testloan2" time="0.012"/>
  <system-out/>
</testsuite> <!-- Tests.test4 -->
