<?xml version="1.0" encoding="UTF-8"?>
<!-- Generated by org.testng.reporters.JUnitReportReporter -->
<testsuite hostname="DESKTOP-SDLN166" failures="0" tests="5" name="com.cmr.qa.tests.Test1_LoginTest" time="121.262" errors="0" timestamp="2022-08-24T18:26:46 IST" skipped="0">
  <testcase classname="com.cmr.qa.tests.Test1_LoginTest" name="isUrlValid" time="22.801"/>
  <system-out/>
  <testcase classname="com.cmr.qa.tests.Test1_LoginTest" name="TitleTest" time="23.081"/>
  <system-out/>
  <testcase classname="com.cmr.qa.tests.Test1_LoginTest" name="isLogoDisplayedTest" time="18.567"/>
  <system-out/>
  <testcase classname="com.cmr.qa.tests.Test1_LoginTest" name="log" time="27.225"/>
  <system-out/>
  <testcase classname="com.cmr.qa.tests.Test1_LoginTest" name="clickForgetPasswordBtn" time="29.588"/>
  <system-out/>
</testsuite> <!-- com.cmr.qa.tests.Test1_LoginTest -->
