<?xml version="1.0" encoding="UTF-8"?>
<!-- Generated by org.testng.reporters.JUnitReportReporter -->
<testsuite hostname="DESKTOP-SDLN166" failures="0" tests="2" name="com.cmr.qa.tests.Test3_AdminSaveSystemUser" time="72.747" errors="0" timestamp="2022-08-25T16:35:09 IST" skipped="0">
  <testcase classname="com.cmr.qa.tests.Test3_AdminSaveSystemUser" name="clickAddBtnTest" time="33.319"/>
  <system-out/>
  <testcase classname="com.cmr.qa.tests.Test3_AdminSaveSystemUser" name="fill_Submit_AddUserForm" time="39.428"/>
  <system-out/>
</testsuite> <!-- com.cmr.qa.tests.Test3_AdminSaveSystemUser -->
