<?xml version="1.0" encoding="UTF-8"?>
<!-- Generated by org.testng.reporters.JUnitReportReporter -->
<testsuite hostname="DESKTOP-SDLN166" failures="0" tests="1" name="com.cmr.qa.tests.Test4_PimViewMyDetails" time="57.228" errors="0" timestamp="2022-08-26T18:22:08 IST" skipped="0">
  <testcase classname="com.cmr.qa.tests.Test4_PimViewMyDetails" name="fillPersonalDetails" time="57.228"/>
  <system-out/>
</testsuite> <!-- com.cmr.qa.tests.Test4_PimViewMyDetails -->
