<?xml version="1.0" encoding="UTF-8"?>
<!-- Generated by org.testng.reporters.JUnitReportReporter -->
<testsuite hostname="DESKTOP-SDLN166" failures="0" tests="3" name="com.cmr.qa.tests.Test2_EmployeeListTest" time="75.662" errors="0" timestamp="2022-08-25T17:33:39 IST" skipped="0">
  <testcase classname="com.cmr.qa.tests.Test2_EmployeeListTest" name="clickAdminBtn" time="38.178"/>
  <system-out/>
  <testcase classname="com.cmr.qa.tests.Test2_EmployeeListTest" name="getUserProfileNameTest" time="17.591"/>
  <system-out/>
  <testcase classname="com.cmr.qa.tests.Test2_EmployeeListTest" name="myInfoBtnClick" time="19.893"/>
  <system-out/>
</testsuite> <!-- com.cmr.qa.tests.Test2_EmployeeListTest -->
