<?xml version="1.0" encoding="UTF-8"?>
<!-- Generated by org.testng.reporters.JUnitReportReporter -->
<testsuite skipped="0" hostname="DESKTOP-SDLN166" name="com.my_store.qa.tests.OrderPageTest" tests="1" failures="0" timestamp="2022-04-07T13:49:11 IST" time="95.626" errors="0">
  <testcase name="verifySummuryOfOrederTest" time="95.626" classname="com.my_store.qa.tests.OrderPageTest"/>
  <system-out/>
</testsuite> <!-- com.my_store.qa.tests.OrderPageTest -->
