<?xml version="1.0" encoding="UTF-8"?>
<!-- Generated by org.testng.reporters.JUnitReportReporter -->
<testsuite skipped="0" hostname="DESKTOP-SDLN166" name="com.my_store.qa.tests.MyStoreIndexPageTest" tests="3" failures="0" timestamp="2022-04-07T13:49:11 IST" time="140.410" errors="0">
  <testcase name="getTitlePageTest" time="56.640" classname="com.my_store.qa.tests.MyStoreIndexPageTest"/>
  <system-out/>
  <testcase name="getLogoTest" time="35.876" classname="com.my_store.qa.tests.MyStoreIndexPageTest"/>
  <system-out/>
  <testcase name="searchBoxTest" time="47.894" classname="com.my_store.qa.tests.MyStoreIndexPageTest"/>
  <system-out/>
</testsuite> <!-- com.my_store.qa.tests.MyStoreIndexPageTest -->
