<?xml version="1.0" encoding="UTF-8"?>
<!-- Generated by org.testng.reporters.JUnitReportReporter -->
<testsuite hostname="DESKTOP-SDLN166" failures="0" tests="1" name="Practice.E2E.dropdownTest" time="12.000" errors="0" timestamp="2022-02-06T17:49:59 IST" skipped="0">
  <testcase classname="Practice.E2E.dropdownTest" name="test" time="12.000"/>
  <system-out/>
</testsuite> <!-- Practice.E2E.dropdownTest -->
