<?xml version="1.0" encoding="UTF-8"?>
<!-- Generated by org.testng.reporters.JUnitReportReporter -->
<testsuite hostname="DESKTOP-SDLN166" failures="0" tests="1" name="Practice.E2E.frameTest" time="1.413" errors="0" timestamp="2022-02-06T19:11:56 IST" skipped="0">
  <testcase classname="Practice.E2E.frameTest" name="test" time="1.413"/>
  <system-out/>
</testsuite> <!-- Practice.E2E.frameTest -->
