<?xml version="1.0" encoding="UTF-8"?>
<!-- Generated by org.testng.reporters.JUnitReportReporter -->
<testsuite hostname="DESKTOP-SDLN166" failures="0" tests="2" name="Practice.E2E.IncrementDropdown" time="8.651" errors="0" timestamp="2022-02-06T17:44:29 IST" skipped="0">
  <testcase classname="Practice.E2E.IncrementDropdown" name="autoSuggest" time="3.996"/>
  <system-out/>
  <testcase classname="Practice.E2E.IncrementDropdown" name="incrementTest" time="4.655"/>
  <system-out/>
</testsuite> <!-- Practice.E2E.IncrementDropdown -->
