<?xml version="1.0" encoding="UTF-8"?>
<!-- Generated by org.testng.reporters.JUnitReportReporter -->
<testsuite hostname="DESKTOP-SDLN166" failures="0" tests="1" name="Practice.E2E.providerByXl" time="0.000" errors="0" timestamp="2022-03-06T19:21:49 IST" skipped="1">
  <testcase classname="Practice.E2E.providerByXl" name="logIn" time="0.000">
    <skipped/>
  </testcase> <!-- logIn -->
  <system-out/>
</testsuite> <!-- Practice.E2E.providerByXl -->
