<?xml version="1.0" encoding="UTF-8"?>
<!-- Generated by org.testng.reporters.JUnitReportReporter -->
<testsuite hostname="DESKTOP-SDLN166" failures="0" tests="1" name="Practice.E2E.alert" time="14.120" errors="0" timestamp="2022-02-07T12:50:46 IST" skipped="0">
  <testcase classname="Practice.E2E.alert" name="test" time="14.120"/>
  <system-out/>
</testsuite> <!-- Practice.E2E.alert -->
