<?xml version="1.0" encoding="UTF-8"?>
<!-- Generated by org.testng.reporters.JUnitReportReporter -->
<testsuite hostname="DESKTOP-SDLN166" failures="0" tests="2" name="com.crm.qa.testcases.signUpTest" time="49.312" errors="0" timestamp="2022-03-18T11:53:13 IST" skipped="0">
  <testcase classname="com.crm.qa.testcases.signUpTest" name="registerEmail" time="30.297"/>
  <system-out/>
  <testcase classname="com.crm.qa.testcases.signUpTest" name="validateTitle" time="19.015"/>
  <system-out/>
</testsuite> <!-- com.crm.qa.testcases.signUpTest -->
