<?xml version="1.0" encoding="UTF-8"?>
<!-- Generated by org.testng.reporters.JUnitReportReporter -->
<testsuite hostname="DESKTOP-SDLN166" failures="0" tests="4" name="com.crm.qa.testcases.HomePageTest" time="77.911" errors="0" timestamp="2022-03-24T12:58:38 IST" skipped="0">
  <testcase classname="com.crm.qa.testcases.HomePageTest" name="verifyTitleTest" time="15.542"/>
  <system-out/>
  <testcase classname="com.crm.qa.testcases.HomePageTest" name="verifyLogoTest" time="26.870"/>
  <system-out/>
  <testcase classname="com.crm.qa.testcases.HomePageTest" name="signupBtnTest" time="18.385"/>
  <system-out/>
  <testcase classname="com.crm.qa.testcases.HomePageTest" name="singinBtn" time="17.114"/>
  <system-out/>
</testsuite> <!-- com.crm.qa.testcases.HomePageTest -->
