<?xml version="1.0" encoding="UTF-8"?>
<!-- Generated by org.testng.reporters.JUnitReportReporter -->
<testsuite hostname="DESKTOP-SDLN166" failures="0" tests="1" name="testngPractice.revise.qaLoginPage" time="39.403" errors="0" timestamp="2021-12-21T20:20:28 IST" skipped="0">
  <testcase classname="testngPractice.revise.qaLoginPage" name="loginTest" time="39.403"/>
  <system-out/>
</testsuite> <!-- testngPractice.revise.qaLoginPage -->
