<?xml version="1.0" encoding="UTF-8"?>
<!-- Generated by org.testng.reporters.JUnitReportReporter -->
<testsuite hostname="DESKTOP-SDLN166" failures="0" tests="1" name="testngPractice.revise.test1" time="96.112" errors="0" timestamp="2021-12-21T20:20:29 IST" skipped="0">
  <testcase classname="testngPractice.revise.test1" name="loan" time="96.112"/>
  <system-out/>
</testsuite> <!-- testngPractice.revise.test1 -->
