<?xml version="1.0" encoding="UTF-8"?>
<!-- Generated by org.testng.reporters.JUnitReportReporter -->
<testsuite hostname="DESKTOP-SDLN166" failures="0" tests="2" name="testngPractice.revise.qainsideLogin" time="57.607" errors="0" timestamp="2021-12-21T20:20:28 IST" skipped="0">
  <testcase classname="testngPractice.revise.qainsideLogin" name="signin" time="29.322"/>
  <system-out/>
  <testcase classname="testngPractice.revise.qainsideLogin" name="signin" time="28.285"/>
  <system-out/>
</testsuite> <!-- testngPractice.revise.qainsideLogin -->
