<?xml version="1.0" encoding="UTF-8"?>
<!-- Generated by org.testng.reporters.JUnitReportReporter -->
<testsuite hostname="DESKTOP-SDLN166" failures="0" tests="3" name="com.my_store.qa.tests.MyStoreSearchPageTest" time="108.248" errors="0" timestamp="2022-04-05T18:46:52 IST" skipped="0">
  <testcase classname="com.my_store.qa.tests.MyStoreSearchPageTest" name="getTitle" time="22.659"/>
  <system-out/>
  <testcase classname="com.my_store.qa.tests.MyStoreSearchPageTest" name="selectOption" time="62.054"/>
  <system-out/>
  <testcase classname="com.my_store.qa.tests.MyStoreSearchPageTest" name="clickPrintedDressImg" time="23.535"/>
  <system-out/>
</testsuite> <!-- com.my_store.qa.tests.MyStoreSearchPageTest -->
