<?xml version="1.0" encoding="UTF-8"?>
<!-- Generated by org.testng.reporters.JUnitReportReporter -->
<testsuite hostname="DESKTOP-SDLN166" failures="0" tests="3" name="com.my_store.qa.tests.MyStoreIndexPageTest" time="70.673" errors="0" timestamp="2022-04-05T18:46:52 IST" skipped="0">
  <testcase classname="com.my_store.qa.tests.MyStoreIndexPageTest" name="getTitlePageTest" time="24.769"/>
  <system-out/>
  <testcase classname="com.my_store.qa.tests.MyStoreIndexPageTest" name="getLogoTest" time="17.228"/>
  <system-out/>
  <testcase classname="com.my_store.qa.tests.MyStoreIndexPageTest" name="searchBoxTest" time="28.676"/>
  <system-out/>
</testsuite> <!-- com.my_store.qa.tests.MyStoreIndexPageTest -->
