<?xml version="1.0" encoding="UTF-8"?>
<!-- Generated by org.testng.reporters.JUnitReportReporter -->
<testsuite hostname="DESKTOP-SDLN166" failures="0" tests="2" name="com.my_store.qa.tests.ProductPageTest" time="96.795" errors="0" timestamp="2022-04-05T18:46:52 IST" skipped="0">
  <testcase classname="com.my_store.qa.tests.ProductPageTest" name="getPageTitleTest" time="50.747"/>
  <system-out/>
  <testcase classname="com.my_store.qa.tests.ProductPageTest" name="selectItemQuantityTest" time="46.048"/>
  <system-out/>
</testsuite> <!-- com.my_store.qa.tests.ProductPageTest -->
