<?xml version="1.0" encoding="UTF-8"?>
<!-- Generated by org.testng.reporters.JUnitReportReporter -->
<testsuite hostname="DESKTOP-SDLN166" failures="0" tests="1" name="com.qaacademy.qa.tests.QaAcademyLandingPageTest" time="65.126" errors="0" timestamp="2022-04-06T16:23:50 IST" skipped="0">
  <testcase classname="com.qaacademy.qa.tests.QaAcademyLandingPageTest" name="getTitleTest" time="65.126"/>
  <system-out/>
</testsuite> <!-- com.qaacademy.qa.tests.QaAcademyLandingPageTest -->
