<?xml version="1.0" encoding="UTF-8"?>
<!-- Generated by org.testng.reporters.JUnitReportReporter -->
<testsuite hostname="DESKTOP-SDLN166" failures="0" tests="1" name="com.my_store.qa.tests.CreateAccountPageTest" time="72.604" errors="0" timestamp="2022-04-06T18:09:42 IST" skipped="0">
  <testcase classname="com.my_store.qa.tests.CreateAccountPageTest" name="persnlInfoTest" time="72.604"/>
  <system-out/>
</testsuite> <!-- com.my_store.qa.tests.CreateAccountPageTest -->
