<?xml version="1.0" encoding="UTF-8"?>
<!-- Generated by org.testng.reporters.JUnitReportReporter -->
<testsuite hostname="DESKTOP-SDLN166" failures="0" tests="1" name="com.my_store.qa.tests.AuthenticationPageTest" time="66.242" errors="0" timestamp="2022-04-05T21:19:03 IST" skipped="0">
  <testcase classname="com.my_store.qa.tests.AuthenticationPageTest" name="createAccountTest" time="66.242"/>
  <system-out/>
</testsuite> <!-- com.my_store.qa.tests.AuthenticationPageTest -->
