<?xml version="1.0" encoding="UTF-8"?>
<!-- Generated by org.testng.reporters.JUnitReportReporter -->
<testsuite hostname="DESKTOP-SDLN166" failures="0" tests="1" name="com.cart.test.CartPageTest" time="202.725" errors="0" timestamp="2023-12-13T11:41:15 IST" skipped="0">
  <testcase classname="com.cart.test.CartPageTest" name="getCartProducts" time="202.725"/>
  <system-out/>
</testsuite> <!-- com.cart.test.CartPageTest -->
