<?xml version="1.0" encoding="UTF-8"?>
<!-- Generated by org.testng.reporters.JUnitReportReporter -->
<testsuite hostname="DESKTOP-SDLN166" failures="0" tests="1" name="com.cart.test.HomePageTest" time="44.623" errors="0" timestamp="2023-12-12T18:13:34 IST" skipped="0">
  <testcase classname="com.cart.test.HomePageTest" name="addMultipleProductsToCart" time="44.623"/>
  <system-out/>
</testsuite> <!-- com.cart.test.HomePageTest -->
