<?xml version="1.0" encoding="UTF-8"?>
<!-- Generated by org.testng.reporters.JUnitReportReporter -->
<testsuite hostname="DESKTOP-SDLN166" failures="0" tests="4" name="com.crm.qa.tests.LandingPageTest" time="59.524" errors="0" timestamp="2022-03-19T15:33:43 IST" skipped="0">
  <testcase classname="com.crm.qa.tests.LandingPageTest" name="clickSignupBtnTest" time="21.496"/>
  <system-out/>
  <testcase classname="com.crm.qa.tests.LandingPageTest" name="clickLoginBtnTest" time="12.719"/>
  <system-out/>
  <testcase classname="com.crm.qa.tests.LandingPageTest" name="getLogoTest" time="12.889"/>
  <system-out/>
  <testcase classname="com.crm.qa.tests.LandingPageTest" name="getPageTitleTest" time="12.420"/>
  <system-out/>
</testsuite> <!-- com.crm.qa.tests.LandingPageTest -->
