<?xml version="1.0" encoding="UTF-8"?>
<!-- Generated by org.testng.reporters.JUnitReportReporter -->
<testsuite hostname="DESKTOP-SDLN166" failures="0" tests="3" name="com.crm.qa.tests.ClassicCRMPageTest" time="82.278" errors="0" timestamp="2022-03-19T17:19:38 IST" skipped="0">
  <testcase classname="com.crm.qa.tests.ClassicCRMPageTest" name="getPageTitleTest" time="26.771"/>
  <system-out/>
  <testcase classname="com.crm.qa.tests.ClassicCRMPageTest" name="getPageLogo" time="23.254"/>
  <system-out/>
  <testcase classname="com.crm.qa.tests.ClassicCRMPageTest" name="loginTest" time="32.253"/>
  <system-out/>
</testsuite> <!-- com.crm.qa.tests.ClassicCRMPageTest -->
