<?xml version="1.0" encoding="UTF-8"?>
<!-- Generated by org.testng.reporters.JUnitReportReporter -->
<testsuite hostname="DESKTOP-SDLN166" failures="0" tests="1" name="com.test.AddPlace" time="12.148" errors="0" timestamp="2023-12-13T19:10:44 IST" skipped="0">
  <testcase classname="com.test.AddPlace" name="addPlace" time="12.148"/>
  <system-out/>
</testsuite> <!-- com.test.AddPlace -->
